The target system is: Android - 1 - aarch64
The host system is: Linux - 4.16.4-1-ARCH - x86_64
Determining if the C compiler works passed with the following output:
Change Dir: /home/daquexian/repos/dnn_library_c/cmake-build-android/CMakeFiles/CMakeTmp

Run Build Command:"/usr/bin/make" "cmTC_9618a/fast"
/usr/bin/make -f CMakeFiles/cmTC_9618a.dir/build.make CMakeFiles/cmTC_9618a.dir/build
make[1]: Entering directory '/home/daquexian/repos/dnn_library_c/cmake-build-android/CMakeFiles/CMakeTmp'
Building C object CMakeFiles/cmTC_9618a.dir/testCCompiler.c.o
/home/daquexian/android-ndk-r16b/toolchains/llvm/prebuilt/linux-x86_64/bin/clang --target=aarch64-none-linux-android --gcc-toolchain=/home/daquexian/android-ndk-r16b/toolchains/aarch64-linux-android-4.9/prebuilt/linux-x86_64 --sysroot=/home/daquexian/android-ndk-r16b/sysroot   -isystem /home/daquexian/android-ndk-r16b/sysroot/usr/include/aarch64-linux-android -D__ANDROID_API__=27 -g -DANDROID -ffunction-sections -funwind-tables -fstack-protector-strong -no-canonical-prefixes -Wa,--noexecstack -Wformat -Werror=format-security   -fPIE   -o CMakeFiles/cmTC_9618a.dir/testCCompiler.c.o   -c /home/daquexian/repos/dnn_library_c/cmake-build-android/CMakeFiles/CMakeTmp/testCCompiler.c
Linking C executable cmTC_9618a
/opt/clion/bin/cmake/bin/cmake -E cmake_link_script CMakeFiles/cmTC_9618a.dir/link.txt --verbose=1
/home/daquexian/android-ndk-r16b/toolchains/llvm/prebuilt/linux-x86_64/bin/clang --target=aarch64-none-linux-android --gcc-toolchain=/home/daquexian/android-ndk-r16b/toolchains/aarch64-linux-android-4.9/prebuilt/linux-x86_64 --sysroot=/home/daquexian/android-ndk-r16b/sysroot -isystem /home/daquexian/android-ndk-r16b/sysroot/usr/include/aarch64-linux-android -D__ANDROID_API__=27 -g -DANDROID -ffunction-sections -funwind-tables -fstack-protector-strong -no-canonical-prefixes -Wa,--noexecstack -Wformat -Werror=format-security    -Wl,--exclude-libs,libgcc.a -Wl,--exclude-libs,libatomic.a --sysroot /home/daquexian/android-ndk-r16b/platforms/android-27/arch-arm64 -Wl,--build-id -Wl,--warn-shared-textrel -Wl,--fatal-warnings -L/home/daquexian/android-ndk-r16b/sources/cxx-stl/llvm-libc++/libs/arm64-v8a -Wl,--no-undefined -Wl,-z,noexecstack -Qunused-arguments -Wl,-z,relro -Wl,-z,now -Wl,--gc-sections -Wl,-z,nocopyreloc -pie -fPIE   CMakeFiles/cmTC_9618a.dir/testCCompiler.c.o  -o cmTC_9618a -latomic -lm 
make[1]: Leaving directory '/home/daquexian/repos/dnn_library_c/cmake-build-android/CMakeFiles/CMakeTmp'


Detecting C compiler ABI info compiled with the following output:
Change Dir: /home/daquexian/repos/dnn_library_c/cmake-build-android/CMakeFiles/CMakeTmp

Run Build Command:"/usr/bin/make" "cmTC_5e805/fast"
/usr/bin/make -f CMakeFiles/cmTC_5e805.dir/build.make CMakeFiles/cmTC_5e805.dir/build
make[1]: Entering directory '/home/daquexian/repos/dnn_library_c/cmake-build-android/CMakeFiles/CMakeTmp'
Building C object CMakeFiles/cmTC_5e805.dir/CMakeCCompilerABI.c.o
/home/daquexian/android-ndk-r16b/toolchains/llvm/prebuilt/linux-x86_64/bin/clang --target=aarch64-none-linux-android --gcc-toolchain=/home/daquexian/android-ndk-r16b/toolchains/aarch64-linux-android-4.9/prebuilt/linux-x86_64 --sysroot=/home/daquexian/android-ndk-r16b/sysroot   -isystem /home/daquexian/android-ndk-r16b/sysroot/usr/include/aarch64-linux-android -D__ANDROID_API__=27 -g -DANDROID -ffunction-sections -funwind-tables -fstack-protector-strong -no-canonical-prefixes -Wa,--noexecstack -Wformat -Werror=format-security   -fPIE   -o CMakeFiles/cmTC_5e805.dir/CMakeCCompilerABI.c.o   -c /opt/clion/bin/cmake/share/cmake-3.10/Modules/CMakeCCompilerABI.c
Linking C executable cmTC_5e805
/opt/clion/bin/cmake/bin/cmake -E cmake_link_script CMakeFiles/cmTC_5e805.dir/link.txt --verbose=1
/home/daquexian/android-ndk-r16b/toolchains/llvm/prebuilt/linux-x86_64/bin/clang --target=aarch64-none-linux-android --gcc-toolchain=/home/daquexian/android-ndk-r16b/toolchains/aarch64-linux-android-4.9/prebuilt/linux-x86_64 --sysroot=/home/daquexian/android-ndk-r16b/sysroot -isystem /home/daquexian/android-ndk-r16b/sysroot/usr/include/aarch64-linux-android -D__ANDROID_API__=27 -g -DANDROID -ffunction-sections -funwind-tables -fstack-protector-strong -no-canonical-prefixes -Wa,--noexecstack -Wformat -Werror=format-security    -Wl,--exclude-libs,libgcc.a -Wl,--exclude-libs,libatomic.a --sysroot /home/daquexian/android-ndk-r16b/platforms/android-27/arch-arm64 -Wl,--build-id -Wl,--warn-shared-textrel -Wl,--fatal-warnings -L/home/daquexian/android-ndk-r16b/sources/cxx-stl/llvm-libc++/libs/arm64-v8a -Wl,--no-undefined -Wl,-z,noexecstack -Qunused-arguments -Wl,-z,relro -Wl,-z,now -Wl,--gc-sections -Wl,-z,nocopyreloc -pie -fPIE  -v CMakeFiles/cmTC_5e805.dir/CMakeCCompilerABI.c.o  -o cmTC_5e805 
Android clang version 5.0.300080  (based on LLVM 5.0.300080)
Target: aarch64-none-linux-android
Thread model: posix
InstalledDir: /home/daquexian/android-ndk-r16b/toolchains/llvm/prebuilt/linux-x86_64/bin
Found candidate GCC installation: /home/daquexian/android-ndk-r16b/toolchains/aarch64-linux-android-4.9/prebuilt/linux-x86_64/lib/gcc/aarch64-linux-android/4.9.x
Selected GCC installation: /home/daquexian/android-ndk-r16b/toolchains/aarch64-linux-android-4.9/prebuilt/linux-x86_64/lib/gcc/aarch64-linux-android/4.9.x
Candidate multilib: .;@m64
Selected multilib: .;@m64
 "/home/daquexian/android-ndk-r16b/toolchains/aarch64-linux-android-4.9/prebuilt/linux-x86_64/lib/gcc/aarch64-linux-android/4.9.x/../../../../aarch64-linux-android/bin/ld" --sysroot=/home/daquexian/android-ndk-r16b/platforms/android-27/arch-arm64 -pie --fix-cortex-a53-843419 --eh-frame-hdr -m aarch64linux -dynamic-linker /system/bin/linker64 -o cmTC_5e805 /home/daquexian/android-ndk-r16b/platforms/android-27/arch-arm64/usr/lib/crtbegin_dynamic.o -L/home/daquexian/android-ndk-r16b/sources/cxx-stl/llvm-libc++/libs/arm64-v8a -L/home/daquexian/android-ndk-r16b/toolchains/llvm/prebuilt/linux-x86_64/lib64/clang/5.0.300080/lib/linux/aarch64 -L/home/daquexian/android-ndk-r16b/toolchains/aarch64-linux-android-4.9/prebuilt/linux-x86_64/lib/gcc/aarch64-linux-android/4.9.x -L/home/daquexian/android-ndk-r16b/toolchains/aarch64-linux-android-4.9/prebuilt/linux-x86_64/lib/gcc/aarch64-linux-android/4.9.x/../../../../aarch64-linux-android/lib/../lib64 -L/home/daquexian/android-ndk-r16b/toolchains/aarch64-linux-android-4.9/prebuilt/linux-x86_64/lib/gcc/aarch64-linux-android/4.9.x/../../../../aarch64-linux-android/lib -L/home/daquexian/android-ndk-r16b/platforms/android-27/arch-arm64/usr/lib --exclude-libs libgcc.a --exclude-libs libatomic.a --build-id --warn-shared-textrel --fatal-warnings --no-undefined -z noexecstack -z relro -z now --gc-sections -z nocopyreloc CMakeFiles/cmTC_5e805.dir/CMakeCCompilerABI.c.o -lgcc -ldl -lc -lgcc -ldl /home/daquexian/android-ndk-r16b/platforms/android-27/arch-arm64/usr/lib/crtend_android.o
make[1]: Leaving directory '/home/daquexian/repos/dnn_library_c/cmake-build-android/CMakeFiles/CMakeTmp'


Parsed C implicit link information from above output:
  link line regex: [^( *|.*[/\])(aarch64-linux-android-ld|CMAKE_LINK_STARTFILE-NOTFOUND|([^/\]+-)?ld|collect2)[^/\]*( |$)]
  ignore line: [Change Dir: /home/daquexian/repos/dnn_library_c/cmake-build-android/CMakeFiles/CMakeTmp]
  ignore line: []
  ignore line: [Run Build Command:"/usr/bin/make" "cmTC_5e805/fast"]
  ignore line: [/usr/bin/make -f CMakeFiles/cmTC_5e805.dir/build.make CMakeFiles/cmTC_5e805.dir/build]
  ignore line: [make[1]: Entering directory '/home/daquexian/repos/dnn_library_c/cmake-build-android/CMakeFiles/CMakeTmp']
  ignore line: [Building C object CMakeFiles/cmTC_5e805.dir/CMakeCCompilerABI.c.o]
  ignore line: [/home/daquexian/android-ndk-r16b/toolchains/llvm/prebuilt/linux-x86_64/bin/clang --target=aarch64-none-linux-android --gcc-toolchain=/home/daquexian/android-ndk-r16b/toolchains/aarch64-linux-android-4.9/prebuilt/linux-x86_64 --sysroot=/home/daquexian/android-ndk-r16b/sysroot   -isystem /home/daquexian/android-ndk-r16b/sysroot/usr/include/aarch64-linux-android -D__ANDROID_API__=27 -g -DANDROID -ffunction-sections -funwind-tables -fstack-protector-strong -no-canonical-prefixes -Wa,--noexecstack -Wformat -Werror=format-security   -fPIE   -o CMakeFiles/cmTC_5e805.dir/CMakeCCompilerABI.c.o   -c /opt/clion/bin/cmake/share/cmake-3.10/Modules/CMakeCCompilerABI.c]
  ignore line: [Linking C executable cmTC_5e805]
  ignore line: [/opt/clion/bin/cmake/bin/cmake -E cmake_link_script CMakeFiles/cmTC_5e805.dir/link.txt --verbose=1]
  ignore line: [/home/daquexian/android-ndk-r16b/toolchains/llvm/prebuilt/linux-x86_64/bin/clang --target=aarch64-none-linux-android --gcc-toolchain=/home/daquexian/android-ndk-r16b/toolchains/aarch64-linux-android-4.9/prebuilt/linux-x86_64 --sysroot=/home/daquexian/android-ndk-r16b/sysroot -isystem /home/daquexian/android-ndk-r16b/sysroot/usr/include/aarch64-linux-android -D__ANDROID_API__=27 -g -DANDROID -ffunction-sections -funwind-tables -fstack-protector-strong -no-canonical-prefixes -Wa,--noexecstack -Wformat -Werror=format-security    -Wl,--exclude-libs,libgcc.a -Wl,--exclude-libs,libatomic.a --sysroot /home/daquexian/android-ndk-r16b/platforms/android-27/arch-arm64 -Wl,--build-id -Wl,--warn-shared-textrel -Wl,--fatal-warnings -L/home/daquexian/android-ndk-r16b/sources/cxx-stl/llvm-libc++/libs/arm64-v8a -Wl,--no-undefined -Wl,-z,noexecstack -Qunused-arguments -Wl,-z,relro -Wl,-z,now -Wl,--gc-sections -Wl,-z,nocopyreloc -pie -fPIE  -v CMakeFiles/cmTC_5e805.dir/CMakeCCompilerABI.c.o  -o cmTC_5e805 ]
  ignore line: [Android clang version 5.0.300080  (based on LLVM 5.0.300080)]
  ignore line: [Target: aarch64-none-linux-android]
  ignore line: [Thread model: posix]
  ignore line: [InstalledDir: /home/daquexian/android-ndk-r16b/toolchains/llvm/prebuilt/linux-x86_64/bin]
  ignore line: [Found candidate GCC installation: /home/daquexian/android-ndk-r16b/toolchains/aarch64-linux-android-4.9/prebuilt/linux-x86_64/lib/gcc/aarch64-linux-android/4.9.x]
  ignore line: [Selected GCC installation: /home/daquexian/android-ndk-r16b/toolchains/aarch64-linux-android-4.9/prebuilt/linux-x86_64/lib/gcc/aarch64-linux-android/4.9.x]
  ignore line: [Candidate multilib: .]
  ignore line: [@m64]
  ignore line: [Selected multilib: .]
  ignore line: [@m64]
  link line: [ "/home/daquexian/android-ndk-r16b/toolchains/aarch64-linux-android-4.9/prebuilt/linux-x86_64/lib/gcc/aarch64-linux-android/4.9.x/../../../../aarch64-linux-android/bin/ld" --sysroot=/home/daquexian/android-ndk-r16b/platforms/android-27/arch-arm64 -pie --fix-cortex-a53-843419 --eh-frame-hdr -m aarch64linux -dynamic-linker /system/bin/linker64 -o cmTC_5e805 /home/daquexian/android-ndk-r16b/platforms/android-27/arch-arm64/usr/lib/crtbegin_dynamic.o -L/home/daquexian/android-ndk-r16b/sources/cxx-stl/llvm-libc++/libs/arm64-v8a -L/home/daquexian/android-ndk-r16b/toolchains/llvm/prebuilt/linux-x86_64/lib64/clang/5.0.300080/lib/linux/aarch64 -L/home/daquexian/android-ndk-r16b/toolchains/aarch64-linux-android-4.9/prebuilt/linux-x86_64/lib/gcc/aarch64-linux-android/4.9.x -L/home/daquexian/android-ndk-r16b/toolchains/aarch64-linux-android-4.9/prebuilt/linux-x86_64/lib/gcc/aarch64-linux-android/4.9.x/../../../../aarch64-linux-android/lib/../lib64 -L/home/daquexian/android-ndk-r16b/toolchains/aarch64-linux-android-4.9/prebuilt/linux-x86_64/lib/gcc/aarch64-linux-android/4.9.x/../../../../aarch64-linux-android/lib -L/home/daquexian/android-ndk-r16b/platforms/android-27/arch-arm64/usr/lib --exclude-libs libgcc.a --exclude-libs libatomic.a --build-id --warn-shared-textrel --fatal-warnings --no-undefined -z noexecstack -z relro -z now --gc-sections -z nocopyreloc CMakeFiles/cmTC_5e805.dir/CMakeCCompilerABI.c.o -lgcc -ldl -lc -lgcc -ldl /home/daquexian/android-ndk-r16b/platforms/android-27/arch-arm64/usr/lib/crtend_android.o]
    arg [/home/daquexian/android-ndk-r16b/toolchains/aarch64-linux-android-4.9/prebuilt/linux-x86_64/lib/gcc/aarch64-linux-android/4.9.x/../../../../aarch64-linux-android/bin/ld] ==> ignore
    arg [--sysroot=/home/daquexian/android-ndk-r16b/platforms/android-27/arch-arm64] ==> ignore
    arg [-pie] ==> ignore
    arg [--fix-cortex-a53-843419] ==> ignore
    arg [--eh-frame-hdr] ==> ignore
    arg [-m] ==> ignore
    arg [aarch64linux] ==> ignore
    arg [-dynamic-linker] ==> ignore
    arg [/system/bin/linker64] ==> ignore
    arg [-o] ==> ignore
    arg [cmTC_5e805] ==> ignore
    arg [/home/daquexian/android-ndk-r16b/platforms/android-27/arch-arm64/usr/lib/crtbegin_dynamic.o] ==> ignore
    arg [-L/home/daquexian/android-ndk-r16b/sources/cxx-stl/llvm-libc++/libs/arm64-v8a] ==> dir [/home/daquexian/android-ndk-r16b/sources/cxx-stl/llvm-libc++/libs/arm64-v8a]
    arg [-L/home/daquexian/android-ndk-r16b/toolchains/llvm/prebuilt/linux-x86_64/lib64/clang/5.0.300080/lib/linux/aarch64] ==> dir [/home/daquexian/android-ndk-r16b/toolchains/llvm/prebuilt/linux-x86_64/lib64/clang/5.0.300080/lib/linux/aarch64]
    arg [-L/home/daquexian/android-ndk-r16b/toolchains/aarch64-linux-android-4.9/prebuilt/linux-x86_64/lib/gcc/aarch64-linux-android/4.9.x] ==> dir [/home/daquexian/android-ndk-r16b/toolchains/aarch64-linux-android-4.9/prebuilt/linux-x86_64/lib/gcc/aarch64-linux-android/4.9.x]
    arg [-L/home/daquexian/android-ndk-r16b/toolchains/aarch64-linux-android-4.9/prebuilt/linux-x86_64/lib/gcc/aarch64-linux-android/4.9.x/../../../../aarch64-linux-android/lib/../lib64] ==> dir [/home/daquexian/android-ndk-r16b/toolchains/aarch64-linux-android-4.9/prebuilt/linux-x86_64/lib/gcc/aarch64-linux-android/4.9.x/../../../../aarch64-linux-android/lib/../lib64]
    arg [-L/home/daquexian/android-ndk-r16b/toolchains/aarch64-linux-android-4.9/prebuilt/linux-x86_64/lib/gcc/aarch64-linux-android/4.9.x/../../../../aarch64-linux-android/lib] ==> dir [/home/daquexian/android-ndk-r16b/toolchains/aarch64-linux-android-4.9/prebuilt/linux-x86_64/lib/gcc/aarch64-linux-android/4.9.x/../../../../aarch64-linux-android/lib]
    arg [-L/home/daquexian/android-ndk-r16b/platforms/android-27/arch-arm64/usr/lib] ==> dir [/home/daquexian/android-ndk-r16b/platforms/android-27/arch-arm64/usr/lib]
    arg [--exclude-libs] ==> ignore
    arg [libgcc.a] ==> ignore
    arg [--exclude-libs] ==> ignore
    arg [libatomic.a] ==> ignore
    arg [--build-id] ==> ignore
    arg [--warn-shared-textrel] ==> ignore
    arg [--fatal-warnings] ==> ignore
    arg [--no-undefined] ==> ignore
    arg [-znoexecstack] ==> ignore
    arg [-zrelro] ==> ignore
    arg [-znow] ==> ignore
    arg [--gc-sections] ==> ignore
    arg [-znocopyreloc] ==> ignore
    arg [CMakeFiles/cmTC_5e805.dir/CMakeCCompilerABI.c.o] ==> ignore
    arg [-lgcc] ==> lib [gcc]
    arg [-ldl] ==> lib [dl]
    arg [-lc] ==> lib [c]
    arg [-lgcc] ==> lib [gcc]
    arg [-ldl] ==> lib [dl]
    arg [/home/daquexian/android-ndk-r16b/platforms/android-27/arch-arm64/usr/lib/crtend_android.o] ==> ignore
  collapse library dir [/home/daquexian/android-ndk-r16b/sources/cxx-stl/llvm-libc++/libs/arm64-v8a] ==> [/home/daquexian/android-ndk-r16b/sources/cxx-stl/llvm-libc++/libs/arm64-v8a]
  collapse library dir [/home/daquexian/android-ndk-r16b/toolchains/llvm/prebuilt/linux-x86_64/lib64/clang/5.0.300080/lib/linux/aarch64] ==> [/home/daquexian/android-ndk-r16b/toolchains/llvm/prebuilt/linux-x86_64/lib64/clang/5.0.300080/lib/linux/aarch64]
  collapse library dir [/home/daquexian/android-ndk-r16b/toolchains/aarch64-linux-android-4.9/prebuilt/linux-x86_64/lib/gcc/aarch64-linux-android/4.9.x] ==> [/home/daquexian/android-ndk-r16b/toolchains/aarch64-linux-android-4.9/prebuilt/linux-x86_64/lib/gcc/aarch64-linux-android/4.9.x]
  collapse library dir [/home/daquexian/android-ndk-r16b/toolchains/aarch64-linux-android-4.9/prebuilt/linux-x86_64/lib/gcc/aarch64-linux-android/4.9.x/../../../../aarch64-linux-android/lib/../lib64] ==> [/home/daquexian/android-ndk-r16b/toolchains/aarch64-linux-android-4.9/prebuilt/linux-x86_64/aarch64-linux-android/lib64]
  collapse library dir [/home/daquexian/android-ndk-r16b/toolchains/aarch64-linux-android-4.9/prebuilt/linux-x86_64/lib/gcc/aarch64-linux-android/4.9.x/../../../../aarch64-linux-android/lib] ==> [/home/daquexian/android-ndk-r16b/toolchains/aarch64-linux-android-4.9/prebuilt/linux-x86_64/aarch64-linux-android/lib]
  collapse library dir [/home/daquexian/android-ndk-r16b/platforms/android-27/arch-arm64/usr/lib] ==> [/home/daquexian/android-ndk-r16b/platforms/android-27/arch-arm64/usr/lib]
  implicit libs: [gcc;dl;c;gcc;dl]
  implicit dirs: [/home/daquexian/android-ndk-r16b/sources/cxx-stl/llvm-libc++/libs/arm64-v8a;/home/daquexian/android-ndk-r16b/toolchains/llvm/prebuilt/linux-x86_64/lib64/clang/5.0.300080/lib/linux/aarch64;/home/daquexian/android-ndk-r16b/toolchains/aarch64-linux-android-4.9/prebuilt/linux-x86_64/lib/gcc/aarch64-linux-android/4.9.x;/home/daquexian/android-ndk-r16b/toolchains/aarch64-linux-android-4.9/prebuilt/linux-x86_64/aarch64-linux-android/lib64;/home/daquexian/android-ndk-r16b/toolchains/aarch64-linux-android-4.9/prebuilt/linux-x86_64/aarch64-linux-android/lib;/home/daquexian/android-ndk-r16b/platforms/android-27/arch-arm64/usr/lib]
  implicit fwks: []




Detecting C [-std=c11] compiler features compiled with the following output:
Change Dir: /home/daquexian/repos/dnn_library_c/cmake-build-android/CMakeFiles/CMakeTmp

Run Build Command:"/usr/bin/make" "cmTC_352e8/fast"
/usr/bin/make -f CMakeFiles/cmTC_352e8.dir/build.make CMakeFiles/cmTC_352e8.dir/build
make[1]: Entering directory '/home/daquexian/repos/dnn_library_c/cmake-build-android/CMakeFiles/CMakeTmp'
Building C object CMakeFiles/cmTC_352e8.dir/feature_tests.c.o
/home/daquexian/android-ndk-r16b/toolchains/llvm/prebuilt/linux-x86_64/bin/clang --target=aarch64-none-linux-android --gcc-toolchain=/home/daquexian/android-ndk-r16b/toolchains/aarch64-linux-android-4.9/prebuilt/linux-x86_64 --sysroot=/home/daquexian/android-ndk-r16b/sysroot   -isystem /home/daquexian/android-ndk-r16b/sysroot/usr/include/aarch64-linux-android -D__ANDROID_API__=27 -g -DANDROID -ffunction-sections -funwind-tables -fstack-protector-strong -no-canonical-prefixes -Wa,--noexecstack -Wformat -Werror=format-security   -fPIE   -std=c11 -o CMakeFiles/cmTC_352e8.dir/feature_tests.c.o   -c /home/daquexian/repos/dnn_library_c/cmake-build-android/CMakeFiles/feature_tests.c
Linking C executable cmTC_352e8
/opt/clion/bin/cmake/bin/cmake -E cmake_link_script CMakeFiles/cmTC_352e8.dir/link.txt --verbose=1
/home/daquexian/android-ndk-r16b/toolchains/llvm/prebuilt/linux-x86_64/bin/clang --target=aarch64-none-linux-android --gcc-toolchain=/home/daquexian/android-ndk-r16b/toolchains/aarch64-linux-android-4.9/prebuilt/linux-x86_64 --sysroot=/home/daquexian/android-ndk-r16b/sysroot -isystem /home/daquexian/android-ndk-r16b/sysroot/usr/include/aarch64-linux-android -D__ANDROID_API__=27 -g -DANDROID -ffunction-sections -funwind-tables -fstack-protector-strong -no-canonical-prefixes -Wa,--noexecstack -Wformat -Werror=format-security    -Wl,--exclude-libs,libgcc.a -Wl,--exclude-libs,libatomic.a --sysroot /home/daquexian/android-ndk-r16b/platforms/android-27/arch-arm64 -Wl,--build-id -Wl,--warn-shared-textrel -Wl,--fatal-warnings -L/home/daquexian/android-ndk-r16b/sources/cxx-stl/llvm-libc++/libs/arm64-v8a -Wl,--no-undefined -Wl,-z,noexecstack -Qunused-arguments -Wl,-z,relro -Wl,-z,now -Wl,--gc-sections -Wl,-z,nocopyreloc -pie -fPIE   CMakeFiles/cmTC_352e8.dir/feature_tests.c.o  -o cmTC_352e8 -latomic -lm 
make[1]: Leaving directory '/home/daquexian/repos/dnn_library_c/cmake-build-android/CMakeFiles/CMakeTmp'


    Feature record: C_FEATURE:1c_function_prototypes
    Feature record: C_FEATURE:1c_restrict
    Feature record: C_FEATURE:1c_static_assert
    Feature record: C_FEATURE:1c_variadic_macros


Detecting C [-std=c99] compiler features compiled with the following output:
Change Dir: /home/daquexian/repos/dnn_library_c/cmake-build-android/CMakeFiles/CMakeTmp

Run Build Command:"/usr/bin/make" "cmTC_659bf/fast"
/usr/bin/make -f CMakeFiles/cmTC_659bf.dir/build.make CMakeFiles/cmTC_659bf.dir/build
make[1]: Entering directory '/home/daquexian/repos/dnn_library_c/cmake-build-android/CMakeFiles/CMakeTmp'
Building C object CMakeFiles/cmTC_659bf.dir/feature_tests.c.o
/home/daquexian/android-ndk-r16b/toolchains/llvm/prebuilt/linux-x86_64/bin/clang --target=aarch64-none-linux-android --gcc-toolchain=/home/daquexian/android-ndk-r16b/toolchains/aarch64-linux-android-4.9/prebuilt/linux-x86_64 --sysroot=/home/daquexian/android-ndk-r16b/sysroot   -isystem /home/daquexian/android-ndk-r16b/sysroot/usr/include/aarch64-linux-android -D__ANDROID_API__=27 -g -DANDROID -ffunction-sections -funwind-tables -fstack-protector-strong -no-canonical-prefixes -Wa,--noexecstack -Wformat -Werror=format-security   -fPIE   -std=c99 -o CMakeFiles/cmTC_659bf.dir/feature_tests.c.o   -c /home/daquexian/repos/dnn_library_c/cmake-build-android/CMakeFiles/feature_tests.c
Linking C executable cmTC_659bf
/opt/clion/bin/cmake/bin/cmake -E cmake_link_script CMakeFiles/cmTC_659bf.dir/link.txt --verbose=1
/home/daquexian/android-ndk-r16b/toolchains/llvm/prebuilt/linux-x86_64/bin/clang --target=aarch64-none-linux-android --gcc-toolchain=/home/daquexian/android-ndk-r16b/toolchains/aarch64-linux-android-4.9/prebuilt/linux-x86_64 --sysroot=/home/daquexian/android-ndk-r16b/sysroot -isystem /home/daquexian/android-ndk-r16b/sysroot/usr/include/aarch64-linux-android -D__ANDROID_API__=27 -g -DANDROID -ffunction-sections -funwind-tables -fstack-protector-strong -no-canonical-prefixes -Wa,--noexecstack -Wformat -Werror=format-security    -Wl,--exclude-libs,libgcc.a -Wl,--exclude-libs,libatomic.a --sysroot /home/daquexian/android-ndk-r16b/platforms/android-27/arch-arm64 -Wl,--build-id -Wl,--warn-shared-textrel -Wl,--fatal-warnings -L/home/daquexian/android-ndk-r16b/sources/cxx-stl/llvm-libc++/libs/arm64-v8a -Wl,--no-undefined -Wl,-z,noexecstack -Qunused-arguments -Wl,-z,relro -Wl,-z,now -Wl,--gc-sections -Wl,-z,nocopyreloc -pie -fPIE   CMakeFiles/cmTC_659bf.dir/feature_tests.c.o  -o cmTC_659bf -latomic -lm 
make[1]: Leaving directory '/home/daquexian/repos/dnn_library_c/cmake-build-android/CMakeFiles/CMakeTmp'


    Feature record: C_FEATURE:1c_function_prototypes
    Feature record: C_FEATURE:1c_restrict
    Feature record: C_FEATURE:0c_static_assert
    Feature record: C_FEATURE:1c_variadic_macros


Detecting C [-std=c90] compiler features compiled with the following output:
Change Dir: /home/daquexian/repos/dnn_library_c/cmake-build-android/CMakeFiles/CMakeTmp

Run Build Command:"/usr/bin/make" "cmTC_c45b2/fast"
/usr/bin/make -f CMakeFiles/cmTC_c45b2.dir/build.make CMakeFiles/cmTC_c45b2.dir/build
make[1]: Entering directory '/home/daquexian/repos/dnn_library_c/cmake-build-android/CMakeFiles/CMakeTmp'
Building C object CMakeFiles/cmTC_c45b2.dir/feature_tests.c.o
/home/daquexian/android-ndk-r16b/toolchains/llvm/prebuilt/linux-x86_64/bin/clang --target=aarch64-none-linux-android --gcc-toolchain=/home/daquexian/android-ndk-r16b/toolchains/aarch64-linux-android-4.9/prebuilt/linux-x86_64 --sysroot=/home/daquexian/android-ndk-r16b/sysroot   -isystem /home/daquexian/android-ndk-r16b/sysroot/usr/include/aarch64-linux-android -D__ANDROID_API__=27 -g -DANDROID -ffunction-sections -funwind-tables -fstack-protector-strong -no-canonical-prefixes -Wa,--noexecstack -Wformat -Werror=format-security   -fPIE   -std=c90 -o CMakeFiles/cmTC_c45b2.dir/feature_tests.c.o   -c /home/daquexian/repos/dnn_library_c/cmake-build-android/CMakeFiles/feature_tests.c
Linking C executable cmTC_c45b2
/opt/clion/bin/cmake/bin/cmake -E cmake_link_script CMakeFiles/cmTC_c45b2.dir/link.txt --verbose=1
/home/daquexian/android-ndk-r16b/toolchains/llvm/prebuilt/linux-x86_64/bin/clang --target=aarch64-none-linux-android --gcc-toolchain=/home/daquexian/android-ndk-r16b/toolchains/aarch64-linux-android-4.9/prebuilt/linux-x86_64 --sysroot=/home/daquexian/android-ndk-r16b/sysroot -isystem /home/daquexian/android-ndk-r16b/sysroot/usr/include/aarch64-linux-android -D__ANDROID_API__=27 -g -DANDROID -ffunction-sections -funwind-tables -fstack-protector-strong -no-canonical-prefixes -Wa,--noexecstack -Wformat -Werror=format-security    -Wl,--exclude-libs,libgcc.a -Wl,--exclude-libs,libatomic.a --sysroot /home/daquexian/android-ndk-r16b/platforms/android-27/arch-arm64 -Wl,--build-id -Wl,--warn-shared-textrel -Wl,--fatal-warnings -L/home/daquexian/android-ndk-r16b/sources/cxx-stl/llvm-libc++/libs/arm64-v8a -Wl,--no-undefined -Wl,-z,noexecstack -Qunused-arguments -Wl,-z,relro -Wl,-z,now -Wl,--gc-sections -Wl,-z,nocopyreloc -pie -fPIE   CMakeFiles/cmTC_c45b2.dir/feature_tests.c.o  -o cmTC_c45b2 -latomic -lm 
make[1]: Leaving directory '/home/daquexian/repos/dnn_library_c/cmake-build-android/CMakeFiles/CMakeTmp'


    Feature record: C_FEATURE:1c_function_prototypes
    Feature record: C_FEATURE:0c_restrict
    Feature record: C_FEATURE:0c_static_assert
    Feature record: C_FEATURE:0c_variadic_macros
Determining if the CXX compiler works passed with the following output:
Change Dir: /home/daquexian/repos/dnn_library_c/cmake-build-android/CMakeFiles/CMakeTmp

Run Build Command:"/usr/bin/make" "cmTC_51819/fast"
/usr/bin/make -f CMakeFiles/cmTC_51819.dir/build.make CMakeFiles/cmTC_51819.dir/build
make[1]: Entering directory '/home/daquexian/repos/dnn_library_c/cmake-build-android/CMakeFiles/CMakeTmp'
Building CXX object CMakeFiles/cmTC_51819.dir/testCXXCompiler.cxx.o
/home/daquexian/android-ndk-r16b/toolchains/llvm/prebuilt/linux-x86_64/bin/clang++ --target=aarch64-none-linux-android --gcc-toolchain=/home/daquexian/android-ndk-r16b/toolchains/aarch64-linux-android-4.9/prebuilt/linux-x86_64 --sysroot=/home/daquexian/android-ndk-r16b/sysroot   -isystem /home/daquexian/android-ndk-r16b/sources/cxx-stl/llvm-libc++/include -isystem /home/daquexian/android-ndk-r16b/sources/android/support/include -isystem /home/daquexian/android-ndk-r16b/sources/cxx-stl/llvm-libc++abi/include  -isystem /home/daquexian/android-ndk-r16b/sysroot/usr/include/aarch64-linux-android -D__ANDROID_API__=27 -g -DANDROID -ffunction-sections -funwind-tables -fstack-protector-strong -no-canonical-prefixes -Wa,--noexecstack -Wformat -Werror=format-security -std=c++11   -fPIE   -o CMakeFiles/cmTC_51819.dir/testCXXCompiler.cxx.o -c /home/daquexian/repos/dnn_library_c/cmake-build-android/CMakeFiles/CMakeTmp/testCXXCompiler.cxx
Linking CXX executable cmTC_51819
/opt/clion/bin/cmake/bin/cmake -E cmake_link_script CMakeFiles/cmTC_51819.dir/link.txt --verbose=1
/home/daquexian/android-ndk-r16b/toolchains/llvm/prebuilt/linux-x86_64/bin/clang++ --target=aarch64-none-linux-android --gcc-toolchain=/home/daquexian/android-ndk-r16b/toolchains/aarch64-linux-android-4.9/prebuilt/linux-x86_64 --sysroot=/home/daquexian/android-ndk-r16b/sysroot  -isystem /home/daquexian/android-ndk-r16b/sysroot/usr/include/aarch64-linux-android -D__ANDROID_API__=27 -g -DANDROID -ffunction-sections -funwind-tables -fstack-protector-strong -no-canonical-prefixes -Wa,--noexecstack -Wformat -Werror=format-security -std=c++11    -Wl,--exclude-libs,libgcc.a -Wl,--exclude-libs,libatomic.a --sysroot /home/daquexian/android-ndk-r16b/platforms/android-27/arch-arm64 -Wl,--build-id -Wl,--warn-shared-textrel -Wl,--fatal-warnings -L/home/daquexian/android-ndk-r16b/sources/cxx-stl/llvm-libc++/libs/arm64-v8a -Wl,--no-undefined -Wl,-z,noexecstack -Qunused-arguments -Wl,-z,relro -Wl,-z,now -Wl,--gc-sections -Wl,-z,nocopyreloc -pie -fPIE   CMakeFiles/cmTC_51819.dir/testCXXCompiler.cxx.o  -o cmTC_51819 -latomic -lm "/home/daquexian/android-ndk-r16b/sources/cxx-stl/llvm-libc++/libs/arm64-v8a/libc++.a" 
make[1]: Leaving directory '/home/daquexian/repos/dnn_library_c/cmake-build-android/CMakeFiles/CMakeTmp'


Detecting CXX compiler ABI info compiled with the following output:
Change Dir: /home/daquexian/repos/dnn_library_c/cmake-build-android/CMakeFiles/CMakeTmp

Run Build Command:"/usr/bin/make" "cmTC_96ffd/fast"
/usr/bin/make -f CMakeFiles/cmTC_96ffd.dir/build.make CMakeFiles/cmTC_96ffd.dir/build
make[1]: Entering directory '/home/daquexian/repos/dnn_library_c/cmake-build-android/CMakeFiles/CMakeTmp'
Building CXX object CMakeFiles/cmTC_96ffd.dir/CMakeCXXCompilerABI.cpp.o
/home/daquexian/android-ndk-r16b/toolchains/llvm/prebuilt/linux-x86_64/bin/clang++ --target=aarch64-none-linux-android --gcc-toolchain=/home/daquexian/android-ndk-r16b/toolchains/aarch64-linux-android-4.9/prebuilt/linux-x86_64 --sysroot=/home/daquexian/android-ndk-r16b/sysroot   -isystem /home/daquexian/android-ndk-r16b/sources/cxx-stl/llvm-libc++/include -isystem /home/daquexian/android-ndk-r16b/sources/android/support/include -isystem /home/daquexian/android-ndk-r16b/sources/cxx-stl/llvm-libc++abi/include  -isystem /home/daquexian/android-ndk-r16b/sysroot/usr/include/aarch64-linux-android -D__ANDROID_API__=27 -g -DANDROID -ffunction-sections -funwind-tables -fstack-protector-strong -no-canonical-prefixes -Wa,--noexecstack -Wformat -Werror=format-security -std=c++11   -fPIE   -o CMakeFiles/cmTC_96ffd.dir/CMakeCXXCompilerABI.cpp.o -c /opt/clion/bin/cmake/share/cmake-3.10/Modules/CMakeCXXCompilerABI.cpp
Linking CXX executable cmTC_96ffd
/opt/clion/bin/cmake/bin/cmake -E cmake_link_script CMakeFiles/cmTC_96ffd.dir/link.txt --verbose=1
/home/daquexian/android-ndk-r16b/toolchains/llvm/prebuilt/linux-x86_64/bin/clang++ --target=aarch64-none-linux-android --gcc-toolchain=/home/daquexian/android-ndk-r16b/toolchains/aarch64-linux-android-4.9/prebuilt/linux-x86_64 --sysroot=/home/daquexian/android-ndk-r16b/sysroot  -isystem /home/daquexian/android-ndk-r16b/sysroot/usr/include/aarch64-linux-android -D__ANDROID_API__=27 -g -DANDROID -ffunction-sections -funwind-tables -fstack-protector-strong -no-canonical-prefixes -Wa,--noexecstack -Wformat -Werror=format-security -std=c++11    -Wl,--exclude-libs,libgcc.a -Wl,--exclude-libs,libatomic.a --sysroot /home/daquexian/android-ndk-r16b/platforms/android-27/arch-arm64 -Wl,--build-id -Wl,--warn-shared-textrel -Wl,--fatal-warnings -L/home/daquexian/android-ndk-r16b/sources/cxx-stl/llvm-libc++/libs/arm64-v8a -Wl,--no-undefined -Wl,-z,noexecstack -Qunused-arguments -Wl,-z,relro -Wl,-z,now -Wl,--gc-sections -Wl,-z,nocopyreloc -pie -fPIE  -v CMakeFiles/cmTC_96ffd.dir/CMakeCXXCompilerABI.cpp.o  -o cmTC_96ffd 
Android clang version 5.0.300080  (based on LLVM 5.0.300080)
Target: aarch64-none-linux-android
Thread model: posix
InstalledDir: /home/daquexian/android-ndk-r16b/toolchains/llvm/prebuilt/linux-x86_64/bin
Found candidate GCC installation: /home/daquexian/android-ndk-r16b/toolchains/aarch64-linux-android-4.9/prebuilt/linux-x86_64/lib/gcc/aarch64-linux-android/4.9.x
Selected GCC installation: /home/daquexian/android-ndk-r16b/toolchains/aarch64-linux-android-4.9/prebuilt/linux-x86_64/lib/gcc/aarch64-linux-android/4.9.x
Candidate multilib: .;@m64
Selected multilib: .;@m64
 "/home/daquexian/android-ndk-r16b/toolchains/aarch64-linux-android-4.9/prebuilt/linux-x86_64/lib/gcc/aarch64-linux-android/4.9.x/../../../../aarch64-linux-android/bin/ld" --sysroot=/home/daquexian/android-ndk-r16b/platforms/android-27/arch-arm64 -pie --fix-cortex-a53-843419 --eh-frame-hdr -m aarch64linux -dynamic-linker /system/bin/linker64 -o cmTC_96ffd /home/daquexian/android-ndk-r16b/platforms/android-27/arch-arm64/usr/lib/crtbegin_dynamic.o -L/home/daquexian/android-ndk-r16b/sources/cxx-stl/llvm-libc++/libs/arm64-v8a -L/home/daquexian/android-ndk-r16b/toolchains/llvm/prebuilt/linux-x86_64/lib64/clang/5.0.300080/lib/linux/aarch64 -L/home/daquexian/android-ndk-r16b/toolchains/aarch64-linux-android-4.9/prebuilt/linux-x86_64/lib/gcc/aarch64-linux-android/4.9.x -L/home/daquexian/android-ndk-r16b/toolchains/aarch64-linux-android-4.9/prebuilt/linux-x86_64/lib/gcc/aarch64-linux-android/4.9.x/../../../../aarch64-linux-android/lib/../lib64 -L/home/daquexian/android-ndk-r16b/toolchains/aarch64-linux-android-4.9/prebuilt/linux-x86_64/lib/gcc/aarch64-linux-android/4.9.x/../../../../aarch64-linux-android/lib -L/home/daquexian/android-ndk-r16b/platforms/android-27/arch-arm64/usr/lib --exclude-libs libgcc.a --exclude-libs libatomic.a --build-id --warn-shared-textrel --fatal-warnings --no-undefined -z noexecstack -z relro -z now --gc-sections -z nocopyreloc CMakeFiles/cmTC_96ffd.dir/CMakeCXXCompilerABI.cpp.o -lstdc++ -lm -lgcc -lgcc -ldl -lc -lgcc -lgcc -ldl /home/daquexian/android-ndk-r16b/platforms/android-27/arch-arm64/usr/lib/crtend_android.o
make[1]: Leaving directory '/home/daquexian/repos/dnn_library_c/cmake-build-android/CMakeFiles/CMakeTmp'


Parsed CXX implicit link information from above output:
  link line regex: [^( *|.*[/\])(aarch64-linux-android-ld|CMAKE_LINK_STARTFILE-NOTFOUND|([^/\]+-)?ld|collect2)[^/\]*( |$)]
  ignore line: [Change Dir: /home/daquexian/repos/dnn_library_c/cmake-build-android/CMakeFiles/CMakeTmp]
  ignore line: []
  ignore line: [Run Build Command:"/usr/bin/make" "cmTC_96ffd/fast"]
  ignore line: [/usr/bin/make -f CMakeFiles/cmTC_96ffd.dir/build.make CMakeFiles/cmTC_96ffd.dir/build]
  ignore line: [make[1]: Entering directory '/home/daquexian/repos/dnn_library_c/cmake-build-android/CMakeFiles/CMakeTmp']
  ignore line: [Building CXX object CMakeFiles/cmTC_96ffd.dir/CMakeCXXCompilerABI.cpp.o]
  ignore line: [/home/daquexian/android-ndk-r16b/toolchains/llvm/prebuilt/linux-x86_64/bin/clang++ --target=aarch64-none-linux-android --gcc-toolchain=/home/daquexian/android-ndk-r16b/toolchains/aarch64-linux-android-4.9/prebuilt/linux-x86_64 --sysroot=/home/daquexian/android-ndk-r16b/sysroot   -isystem /home/daquexian/android-ndk-r16b/sources/cxx-stl/llvm-libc++/include -isystem /home/daquexian/android-ndk-r16b/sources/android/support/include -isystem /home/daquexian/android-ndk-r16b/sources/cxx-stl/llvm-libc++abi/include  -isystem /home/daquexian/android-ndk-r16b/sysroot/usr/include/aarch64-linux-android -D__ANDROID_API__=27 -g -DANDROID -ffunction-sections -funwind-tables -fstack-protector-strong -no-canonical-prefixes -Wa,--noexecstack -Wformat -Werror=format-security -std=c++11   -fPIE   -o CMakeFiles/cmTC_96ffd.dir/CMakeCXXCompilerABI.cpp.o -c /opt/clion/bin/cmake/share/cmake-3.10/Modules/CMakeCXXCompilerABI.cpp]
  ignore line: [Linking CXX executable cmTC_96ffd]
  ignore line: [/opt/clion/bin/cmake/bin/cmake -E cmake_link_script CMakeFiles/cmTC_96ffd.dir/link.txt --verbose=1]
  ignore line: [/home/daquexian/android-ndk-r16b/toolchains/llvm/prebuilt/linux-x86_64/bin/clang++ --target=aarch64-none-linux-android --gcc-toolchain=/home/daquexian/android-ndk-r16b/toolchains/aarch64-linux-android-4.9/prebuilt/linux-x86_64 --sysroot=/home/daquexian/android-ndk-r16b/sysroot  -isystem /home/daquexian/android-ndk-r16b/sysroot/usr/include/aarch64-linux-android -D__ANDROID_API__=27 -g -DANDROID -ffunction-sections -funwind-tables -fstack-protector-strong -no-canonical-prefixes -Wa,--noexecstack -Wformat -Werror=format-security -std=c++11    -Wl,--exclude-libs,libgcc.a -Wl,--exclude-libs,libatomic.a --sysroot /home/daquexian/android-ndk-r16b/platforms/android-27/arch-arm64 -Wl,--build-id -Wl,--warn-shared-textrel -Wl,--fatal-warnings -L/home/daquexian/android-ndk-r16b/sources/cxx-stl/llvm-libc++/libs/arm64-v8a -Wl,--no-undefined -Wl,-z,noexecstack -Qunused-arguments -Wl,-z,relro -Wl,-z,now -Wl,--gc-sections -Wl,-z,nocopyreloc -pie -fPIE  -v CMakeFiles/cmTC_96ffd.dir/CMakeCXXCompilerABI.cpp.o  -o cmTC_96ffd ]
  ignore line: [Android clang version 5.0.300080  (based on LLVM 5.0.300080)]
  ignore line: [Target: aarch64-none-linux-android]
  ignore line: [Thread model: posix]
  ignore line: [InstalledDir: /home/daquexian/android-ndk-r16b/toolchains/llvm/prebuilt/linux-x86_64/bin]
  ignore line: [Found candidate GCC installation: /home/daquexian/android-ndk-r16b/toolchains/aarch64-linux-android-4.9/prebuilt/linux-x86_64/lib/gcc/aarch64-linux-android/4.9.x]
  ignore line: [Selected GCC installation: /home/daquexian/android-ndk-r16b/toolchains/aarch64-linux-android-4.9/prebuilt/linux-x86_64/lib/gcc/aarch64-linux-android/4.9.x]
  ignore line: [Candidate multilib: .]
  ignore line: [@m64]
  ignore line: [Selected multilib: .]
  ignore line: [@m64]
  link line: [ "/home/daquexian/android-ndk-r16b/toolchains/aarch64-linux-android-4.9/prebuilt/linux-x86_64/lib/gcc/aarch64-linux-android/4.9.x/../../../../aarch64-linux-android/bin/ld" --sysroot=/home/daquexian/android-ndk-r16b/platforms/android-27/arch-arm64 -pie --fix-cortex-a53-843419 --eh-frame-hdr -m aarch64linux -dynamic-linker /system/bin/linker64 -o cmTC_96ffd /home/daquexian/android-ndk-r16b/platforms/android-27/arch-arm64/usr/lib/crtbegin_dynamic.o -L/home/daquexian/android-ndk-r16b/sources/cxx-stl/llvm-libc++/libs/arm64-v8a -L/home/daquexian/android-ndk-r16b/toolchains/llvm/prebuilt/linux-x86_64/lib64/clang/5.0.300080/lib/linux/aarch64 -L/home/daquexian/android-ndk-r16b/toolchains/aarch64-linux-android-4.9/prebuilt/linux-x86_64/lib/gcc/aarch64-linux-android/4.9.x -L/home/daquexian/android-ndk-r16b/toolchains/aarch64-linux-android-4.9/prebuilt/linux-x86_64/lib/gcc/aarch64-linux-android/4.9.x/../../../../aarch64-linux-android/lib/../lib64 -L/home/daquexian/android-ndk-r16b/toolchains/aarch64-linux-android-4.9/prebuilt/linux-x86_64/lib/gcc/aarch64-linux-android/4.9.x/../../../../aarch64-linux-android/lib -L/home/daquexian/android-ndk-r16b/platforms/android-27/arch-arm64/usr/lib --exclude-libs libgcc.a --exclude-libs libatomic.a --build-id --warn-shared-textrel --fatal-warnings --no-undefined -z noexecstack -z relro -z now --gc-sections -z nocopyreloc CMakeFiles/cmTC_96ffd.dir/CMakeCXXCompilerABI.cpp.o -lstdc++ -lm -lgcc -lgcc -ldl -lc -lgcc -lgcc -ldl /home/daquexian/android-ndk-r16b/platforms/android-27/arch-arm64/usr/lib/crtend_android.o]
    arg [/home/daquexian/android-ndk-r16b/toolchains/aarch64-linux-android-4.9/prebuilt/linux-x86_64/lib/gcc/aarch64-linux-android/4.9.x/../../../../aarch64-linux-android/bin/ld] ==> ignore
    arg [--sysroot=/home/daquexian/android-ndk-r16b/platforms/android-27/arch-arm64] ==> ignore
    arg [-pie] ==> ignore
    arg [--fix-cortex-a53-843419] ==> ignore
    arg [--eh-frame-hdr] ==> ignore
    arg [-m] ==> ignore
    arg [aarch64linux] ==> ignore
    arg [-dynamic-linker] ==> ignore
    arg [/system/bin/linker64] ==> ignore
    arg [-o] ==> ignore
    arg [cmTC_96ffd] ==> ignore
    arg [/home/daquexian/android-ndk-r16b/platforms/android-27/arch-arm64/usr/lib/crtbegin_dynamic.o] ==> ignore
    arg [-L/home/daquexian/android-ndk-r16b/sources/cxx-stl/llvm-libc++/libs/arm64-v8a] ==> dir [/home/daquexian/android-ndk-r16b/sources/cxx-stl/llvm-libc++/libs/arm64-v8a]
    arg [-L/home/daquexian/android-ndk-r16b/toolchains/llvm/prebuilt/linux-x86_64/lib64/clang/5.0.300080/lib/linux/aarch64] ==> dir [/home/daquexian/android-ndk-r16b/toolchains/llvm/prebuilt/linux-x86_64/lib64/clang/5.0.300080/lib/linux/aarch64]
    arg [-L/home/daquexian/android-ndk-r16b/toolchains/aarch64-linux-android-4.9/prebuilt/linux-x86_64/lib/gcc/aarch64-linux-android/4.9.x] ==> dir [/home/daquexian/android-ndk-r16b/toolchains/aarch64-linux-android-4.9/prebuilt/linux-x86_64/lib/gcc/aarch64-linux-android/4.9.x]
    arg [-L/home/daquexian/android-ndk-r16b/toolchains/aarch64-linux-android-4.9/prebuilt/linux-x86_64/lib/gcc/aarch64-linux-android/4.9.x/../../../../aarch64-linux-android/lib/../lib64] ==> dir [/home/daquexian/android-ndk-r16b/toolchains/aarch64-linux-android-4.9/prebuilt/linux-x86_64/lib/gcc/aarch64-linux-android/4.9.x/../../../../aarch64-linux-android/lib/../lib64]
    arg [-L/home/daquexian/android-ndk-r16b/toolchains/aarch64-linux-android-4.9/prebuilt/linux-x86_64/lib/gcc/aarch64-linux-android/4.9.x/../../../../aarch64-linux-android/lib] ==> dir [/home/daquexian/android-ndk-r16b/toolchains/aarch64-linux-android-4.9/prebuilt/linux-x86_64/lib/gcc/aarch64-linux-android/4.9.x/../../../../aarch64-linux-android/lib]
    arg [-L/home/daquexian/android-ndk-r16b/platforms/android-27/arch-arm64/usr/lib] ==> dir [/home/daquexian/android-ndk-r16b/platforms/android-27/arch-arm64/usr/lib]
    arg [--exclude-libs] ==> ignore
    arg [libgcc.a] ==> ignore
    arg [--exclude-libs] ==> ignore
    arg [libatomic.a] ==> ignore
    arg [--build-id] ==> ignore
    arg [--warn-shared-textrel] ==> ignore
    arg [--fatal-warnings] ==> ignore
    arg [--no-undefined] ==> ignore
    arg [-znoexecstack] ==> ignore
    arg [-zrelro] ==> ignore
    arg [-znow] ==> ignore
    arg [--gc-sections] ==> ignore
    arg [-znocopyreloc] ==> ignore
    arg [CMakeFiles/cmTC_96ffd.dir/CMakeCXXCompilerABI.cpp.o] ==> ignore
    arg [-lstdc++] ==> lib [stdc++]
    arg [-lm] ==> lib [m]
    arg [-lgcc] ==> lib [gcc]
    arg [-lgcc] ==> lib [gcc]
    arg [-ldl] ==> lib [dl]
    arg [-lc] ==> lib [c]
    arg [-lgcc] ==> lib [gcc]
    arg [-lgcc] ==> lib [gcc]
    arg [-ldl] ==> lib [dl]
    arg [/home/daquexian/android-ndk-r16b/platforms/android-27/arch-arm64/usr/lib/crtend_android.o] ==> ignore
  collapse library dir [/home/daquexian/android-ndk-r16b/sources/cxx-stl/llvm-libc++/libs/arm64-v8a] ==> [/home/daquexian/android-ndk-r16b/sources/cxx-stl/llvm-libc++/libs/arm64-v8a]
  collapse library dir [/home/daquexian/android-ndk-r16b/toolchains/llvm/prebuilt/linux-x86_64/lib64/clang/5.0.300080/lib/linux/aarch64] ==> [/home/daquexian/android-ndk-r16b/toolchains/llvm/prebuilt/linux-x86_64/lib64/clang/5.0.300080/lib/linux/aarch64]
  collapse library dir [/home/daquexian/android-ndk-r16b/toolchains/aarch64-linux-android-4.9/prebuilt/linux-x86_64/lib/gcc/aarch64-linux-android/4.9.x] ==> [/home/daquexian/android-ndk-r16b/toolchains/aarch64-linux-android-4.9/prebuilt/linux-x86_64/lib/gcc/aarch64-linux-android/4.9.x]
  collapse library dir [/home/daquexian/android-ndk-r16b/toolchains/aarch64-linux-android-4.9/prebuilt/linux-x86_64/lib/gcc/aarch64-linux-android/4.9.x/../../../../aarch64-linux-android/lib/../lib64] ==> [/home/daquexian/android-ndk-r16b/toolchains/aarch64-linux-android-4.9/prebuilt/linux-x86_64/aarch64-linux-android/lib64]
  collapse library dir [/home/daquexian/android-ndk-r16b/toolchains/aarch64-linux-android-4.9/prebuilt/linux-x86_64/lib/gcc/aarch64-linux-android/4.9.x/../../../../aarch64-linux-android/lib] ==> [/home/daquexian/android-ndk-r16b/toolchains/aarch64-linux-android-4.9/prebuilt/linux-x86_64/aarch64-linux-android/lib]
  collapse library dir [/home/daquexian/android-ndk-r16b/platforms/android-27/arch-arm64/usr/lib] ==> [/home/daquexian/android-ndk-r16b/platforms/android-27/arch-arm64/usr/lib]
  implicit libs: [stdc++;m;gcc;gcc;dl;c;gcc;gcc;dl]
  implicit dirs: [/home/daquexian/android-ndk-r16b/sources/cxx-stl/llvm-libc++/libs/arm64-v8a;/home/daquexian/android-ndk-r16b/toolchains/llvm/prebuilt/linux-x86_64/lib64/clang/5.0.300080/lib/linux/aarch64;/home/daquexian/android-ndk-r16b/toolchains/aarch64-linux-android-4.9/prebuilt/linux-x86_64/lib/gcc/aarch64-linux-android/4.9.x;/home/daquexian/android-ndk-r16b/toolchains/aarch64-linux-android-4.9/prebuilt/linux-x86_64/aarch64-linux-android/lib64;/home/daquexian/android-ndk-r16b/toolchains/aarch64-linux-android-4.9/prebuilt/linux-x86_64/aarch64-linux-android/lib;/home/daquexian/android-ndk-r16b/platforms/android-27/arch-arm64/usr/lib]
  implicit fwks: []




Detecting CXX [-std=c++1z] compiler features compiled with the following output:
Change Dir: /home/daquexian/repos/dnn_library_c/cmake-build-android/CMakeFiles/CMakeTmp

Run Build Command:"/usr/bin/make" "cmTC_d1fba/fast"
/usr/bin/make -f CMakeFiles/cmTC_d1fba.dir/build.make CMakeFiles/cmTC_d1fba.dir/build
make[1]: Entering directory '/home/daquexian/repos/dnn_library_c/cmake-build-android/CMakeFiles/CMakeTmp'
Building CXX object CMakeFiles/cmTC_d1fba.dir/feature_tests.cxx.o
/home/daquexian/android-ndk-r16b/toolchains/llvm/prebuilt/linux-x86_64/bin/clang++ --target=aarch64-none-linux-android --gcc-toolchain=/home/daquexian/android-ndk-r16b/toolchains/aarch64-linux-android-4.9/prebuilt/linux-x86_64 --sysroot=/home/daquexian/android-ndk-r16b/sysroot   -isystem /home/daquexian/android-ndk-r16b/sources/cxx-stl/llvm-libc++/include -isystem /home/daquexian/android-ndk-r16b/sources/android/support/include -isystem /home/daquexian/android-ndk-r16b/sources/cxx-stl/llvm-libc++abi/include  -isystem /home/daquexian/android-ndk-r16b/sysroot/usr/include/aarch64-linux-android -D__ANDROID_API__=27 -g -DANDROID -ffunction-sections -funwind-tables -fstack-protector-strong -no-canonical-prefixes -Wa,--noexecstack -Wformat -Werror=format-security -std=c++11   -fPIE   -std=c++1z -o CMakeFiles/cmTC_d1fba.dir/feature_tests.cxx.o -c /home/daquexian/repos/dnn_library_c/cmake-build-android/CMakeFiles/feature_tests.cxx
Linking CXX executable cmTC_d1fba
/opt/clion/bin/cmake/bin/cmake -E cmake_link_script CMakeFiles/cmTC_d1fba.dir/link.txt --verbose=1
/home/daquexian/android-ndk-r16b/toolchains/llvm/prebuilt/linux-x86_64/bin/clang++ --target=aarch64-none-linux-android --gcc-toolchain=/home/daquexian/android-ndk-r16b/toolchains/aarch64-linux-android-4.9/prebuilt/linux-x86_64 --sysroot=/home/daquexian/android-ndk-r16b/sysroot  -isystem /home/daquexian/android-ndk-r16b/sysroot/usr/include/aarch64-linux-android -D__ANDROID_API__=27 -g -DANDROID -ffunction-sections -funwind-tables -fstack-protector-strong -no-canonical-prefixes -Wa,--noexecstack -Wformat -Werror=format-security -std=c++11    -Wl,--exclude-libs,libgcc.a -Wl,--exclude-libs,libatomic.a --sysroot /home/daquexian/android-ndk-r16b/platforms/android-27/arch-arm64 -Wl,--build-id -Wl,--warn-shared-textrel -Wl,--fatal-warnings -L/home/daquexian/android-ndk-r16b/sources/cxx-stl/llvm-libc++/libs/arm64-v8a -Wl,--no-undefined -Wl,-z,noexecstack -Qunused-arguments -Wl,-z,relro -Wl,-z,now -Wl,--gc-sections -Wl,-z,nocopyreloc -pie -fPIE   CMakeFiles/cmTC_d1fba.dir/feature_tests.cxx.o  -o cmTC_d1fba -latomic -lm "/home/daquexian/android-ndk-r16b/sources/cxx-stl/llvm-libc++/libs/arm64-v8a/libc++.a" 
make[1]: Leaving directory '/home/daquexian/repos/dnn_library_c/cmake-build-android/CMakeFiles/CMakeTmp'


    Feature record: CXX_FEATURE:1cxx_aggregate_default_initializers
    Feature record: CXX_FEATURE:1cxx_alias_templates
    Feature record: CXX_FEATURE:1cxx_alignas
    Feature record: CXX_FEATURE:1cxx_alignof
    Feature record: CXX_FEATURE:1cxx_attributes
    Feature record: CXX_FEATURE:1cxx_attribute_deprecated
    Feature record: CXX_FEATURE:1cxx_auto_type
    Feature record: CXX_FEATURE:1cxx_binary_literals
    Feature record: CXX_FEATURE:1cxx_constexpr
    Feature record: CXX_FEATURE:1cxx_contextual_conversions
    Feature record: CXX_FEATURE:1cxx_decltype
    Feature record: CXX_FEATURE:1cxx_decltype_auto
    Feature record: CXX_FEATURE:1cxx_decltype_incomplete_return_types
    Feature record: CXX_FEATURE:1cxx_default_function_template_args
    Feature record: CXX_FEATURE:1cxx_defaulted_functions
    Feature record: CXX_FEATURE:1cxx_defaulted_move_initializers
    Feature record: CXX_FEATURE:1cxx_delegating_constructors
    Feature record: CXX_FEATURE:1cxx_deleted_functions
    Feature record: CXX_FEATURE:1cxx_digit_separators
    Feature record: CXX_FEATURE:1cxx_enum_forward_declarations
    Feature record: CXX_FEATURE:1cxx_explicit_conversions
    Feature record: CXX_FEATURE:1cxx_extended_friend_declarations
    Feature record: CXX_FEATURE:1cxx_extern_templates
    Feature record: CXX_FEATURE:1cxx_final
    Feature record: CXX_FEATURE:1cxx_func_identifier
    Feature record: CXX_FEATURE:1cxx_generalized_initializers
    Feature record: CXX_FEATURE:1cxx_generic_lambdas
    Feature record: CXX_FEATURE:1cxx_inheriting_constructors
    Feature record: CXX_FEATURE:1cxx_inline_namespaces
    Feature record: CXX_FEATURE:1cxx_lambdas
    Feature record: CXX_FEATURE:1cxx_lambda_init_captures
    Feature record: CXX_FEATURE:1cxx_local_type_template_args
    Feature record: CXX_FEATURE:1cxx_long_long_type
    Feature record: CXX_FEATURE:1cxx_noexcept
    Feature record: CXX_FEATURE:1cxx_nonstatic_member_init
    Feature record: CXX_FEATURE:1cxx_nullptr
    Feature record: CXX_FEATURE:1cxx_override
    Feature record: CXX_FEATURE:1cxx_range_for
    Feature record: CXX_FEATURE:1cxx_raw_string_literals
    Feature record: CXX_FEATURE:1cxx_reference_qualified_functions
    Feature record: CXX_FEATURE:1cxx_relaxed_constexpr
    Feature record: CXX_FEATURE:1cxx_return_type_deduction
    Feature record: CXX_FEATURE:1cxx_right_angle_brackets
    Feature record: CXX_FEATURE:1cxx_rvalue_references
    Feature record: CXX_FEATURE:1cxx_sizeof_member
    Feature record: CXX_FEATURE:1cxx_static_assert
    Feature record: CXX_FEATURE:1cxx_strong_enums
    Feature record: CXX_FEATURE:1cxx_template_template_parameters
    Feature record: CXX_FEATURE:1cxx_thread_local
    Feature record: CXX_FEATURE:1cxx_trailing_return_types
    Feature record: CXX_FEATURE:1cxx_unicode_literals
    Feature record: CXX_FEATURE:1cxx_uniform_initialization
    Feature record: CXX_FEATURE:1cxx_unrestricted_unions
    Feature record: CXX_FEATURE:1cxx_user_literals
    Feature record: CXX_FEATURE:1cxx_variable_templates
    Feature record: CXX_FEATURE:1cxx_variadic_macros
    Feature record: CXX_FEATURE:1cxx_variadic_templates


Detecting CXX [-std=c++14] compiler features compiled with the following output:
Change Dir: /home/daquexian/repos/dnn_library_c/cmake-build-android/CMakeFiles/CMakeTmp

Run Build Command:"/usr/bin/make" "cmTC_6d4bf/fast"
/usr/bin/make -f CMakeFiles/cmTC_6d4bf.dir/build.make CMakeFiles/cmTC_6d4bf.dir/build
make[1]: Entering directory '/home/daquexian/repos/dnn_library_c/cmake-build-android/CMakeFiles/CMakeTmp'
Building CXX object CMakeFiles/cmTC_6d4bf.dir/feature_tests.cxx.o
/home/daquexian/android-ndk-r16b/toolchains/llvm/prebuilt/linux-x86_64/bin/clang++ --target=aarch64-none-linux-android --gcc-toolchain=/home/daquexian/android-ndk-r16b/toolchains/aarch64-linux-android-4.9/prebuilt/linux-x86_64 --sysroot=/home/daquexian/android-ndk-r16b/sysroot   -isystem /home/daquexian/android-ndk-r16b/sources/cxx-stl/llvm-libc++/include -isystem /home/daquexian/android-ndk-r16b/sources/android/support/include -isystem /home/daquexian/android-ndk-r16b/sources/cxx-stl/llvm-libc++abi/include  -isystem /home/daquexian/android-ndk-r16b/sysroot/usr/include/aarch64-linux-android -D__ANDROID_API__=27 -g -DANDROID -ffunction-sections -funwind-tables -fstack-protector-strong -no-canonical-prefixes -Wa,--noexecstack -Wformat -Werror=format-security -std=c++11   -fPIE   -std=c++14 -o CMakeFiles/cmTC_6d4bf.dir/feature_tests.cxx.o -c /home/daquexian/repos/dnn_library_c/cmake-build-android/CMakeFiles/feature_tests.cxx
Linking CXX executable cmTC_6d4bf
/opt/clion/bin/cmake/bin/cmake -E cmake_link_script CMakeFiles/cmTC_6d4bf.dir/link.txt --verbose=1
/home/daquexian/android-ndk-r16b/toolchains/llvm/prebuilt/linux-x86_64/bin/clang++ --target=aarch64-none-linux-android --gcc-toolchain=/home/daquexian/android-ndk-r16b/toolchains/aarch64-linux-android-4.9/prebuilt/linux-x86_64 --sysroot=/home/daquexian/android-ndk-r16b/sysroot  -isystem /home/daquexian/android-ndk-r16b/sysroot/usr/include/aarch64-linux-android -D__ANDROID_API__=27 -g -DANDROID -ffunction-sections -funwind-tables -fstack-protector-strong -no-canonical-prefixes -Wa,--noexecstack -Wformat -Werror=format-security -std=c++11    -Wl,--exclude-libs,libgcc.a -Wl,--exclude-libs,libatomic.a --sysroot /home/daquexian/android-ndk-r16b/platforms/android-27/arch-arm64 -Wl,--build-id -Wl,--warn-shared-textrel -Wl,--fatal-warnings -L/home/daquexian/android-ndk-r16b/sources/cxx-stl/llvm-libc++/libs/arm64-v8a -Wl,--no-undefined -Wl,-z,noexecstack -Qunused-arguments -Wl,-z,relro -Wl,-z,now -Wl,--gc-sections -Wl,-z,nocopyreloc -pie -fPIE   CMakeFiles/cmTC_6d4bf.dir/feature_tests.cxx.o  -o cmTC_6d4bf -latomic -lm "/home/daquexian/android-ndk-r16b/sources/cxx-stl/llvm-libc++/libs/arm64-v8a/libc++.a" 
make[1]: Leaving directory '/home/daquexian/repos/dnn_library_c/cmake-build-android/CMakeFiles/CMakeTmp'


    Feature record: CXX_FEATURE:1cxx_aggregate_default_initializers
    Feature record: CXX_FEATURE:1cxx_alias_templates
    Feature record: CXX_FEATURE:1cxx_alignas
    Feature record: CXX_FEATURE:1cxx_alignof
    Feature record: CXX_FEATURE:1cxx_attributes
    Feature record: CXX_FEATURE:1cxx_attribute_deprecated
    Feature record: CXX_FEATURE:1cxx_auto_type
    Feature record: CXX_FEATURE:1cxx_binary_literals
    Feature record: CXX_FEATURE:1cxx_constexpr
    Feature record: CXX_FEATURE:1cxx_contextual_conversions
    Feature record: CXX_FEATURE:1cxx_decltype
    Feature record: CXX_FEATURE:1cxx_decltype_auto
    Feature record: CXX_FEATURE:1cxx_decltype_incomplete_return_types
    Feature record: CXX_FEATURE:1cxx_default_function_template_args
    Feature record: CXX_FEATURE:1cxx_defaulted_functions
    Feature record: CXX_FEATURE:1cxx_defaulted_move_initializers
    Feature record: CXX_FEATURE:1cxx_delegating_constructors
    Feature record: CXX_FEATURE:1cxx_deleted_functions
    Feature record: CXX_FEATURE:1cxx_digit_separators
    Feature record: CXX_FEATURE:1cxx_enum_forward_declarations
    Feature record: CXX_FEATURE:1cxx_explicit_conversions
    Feature record: CXX_FEATURE:1cxx_extended_friend_declarations
    Feature record: CXX_FEATURE:1cxx_extern_templates
    Feature record: CXX_FEATURE:1cxx_final
    Feature record: CXX_FEATURE:1cxx_func_identifier
    Feature record: CXX_FEATURE:1cxx_generalized_initializers
    Feature record: CXX_FEATURE:1cxx_generic_lambdas
    Feature record: CXX_FEATURE:1cxx_inheriting_constructors
    Feature record: CXX_FEATURE:1cxx_inline_namespaces
    Feature record: CXX_FEATURE:1cxx_lambdas
    Feature record: CXX_FEATURE:1cxx_lambda_init_captures
    Feature record: CXX_FEATURE:1cxx_local_type_template_args
    Feature record: CXX_FEATURE:1cxx_long_long_type
    Feature record: CXX_FEATURE:1cxx_noexcept
    Feature record: CXX_FEATURE:1cxx_nonstatic_member_init
    Feature record: CXX_FEATURE:1cxx_nullptr
    Feature record: CXX_FEATURE:1cxx_override
    Feature record: CXX_FEATURE:1cxx_range_for
    Feature record: CXX_FEATURE:1cxx_raw_string_literals
    Feature record: CXX_FEATURE:1cxx_reference_qualified_functions
    Feature record: CXX_FEATURE:1cxx_relaxed_constexpr
    Feature record: CXX_FEATURE:1cxx_return_type_deduction
    Feature record: CXX_FEATURE:1cxx_right_angle_brackets
    Feature record: CXX_FEATURE:1cxx_rvalue_references
    Feature record: CXX_FEATURE:1cxx_sizeof_member
    Feature record: CXX_FEATURE:1cxx_static_assert
    Feature record: CXX_FEATURE:1cxx_strong_enums
    Feature record: CXX_FEATURE:1cxx_template_template_parameters
    Feature record: CXX_FEATURE:1cxx_thread_local
    Feature record: CXX_FEATURE:1cxx_trailing_return_types
    Feature record: CXX_FEATURE:1cxx_unicode_literals
    Feature record: CXX_FEATURE:1cxx_uniform_initialization
    Feature record: CXX_FEATURE:1cxx_unrestricted_unions
    Feature record: CXX_FEATURE:1cxx_user_literals
    Feature record: CXX_FEATURE:1cxx_variable_templates
    Feature record: CXX_FEATURE:1cxx_variadic_macros
    Feature record: CXX_FEATURE:1cxx_variadic_templates


Detecting CXX [-std=c++11] compiler features compiled with the following output:
Change Dir: /home/daquexian/repos/dnn_library_c/cmake-build-android/CMakeFiles/CMakeTmp

Run Build Command:"/usr/bin/make" "cmTC_418c1/fast"
/usr/bin/make -f CMakeFiles/cmTC_418c1.dir/build.make CMakeFiles/cmTC_418c1.dir/build
make[1]: Entering directory '/home/daquexian/repos/dnn_library_c/cmake-build-android/CMakeFiles/CMakeTmp'
Building CXX object CMakeFiles/cmTC_418c1.dir/feature_tests.cxx.o
/home/daquexian/android-ndk-r16b/toolchains/llvm/prebuilt/linux-x86_64/bin/clang++ --target=aarch64-none-linux-android --gcc-toolchain=/home/daquexian/android-ndk-r16b/toolchains/aarch64-linux-android-4.9/prebuilt/linux-x86_64 --sysroot=/home/daquexian/android-ndk-r16b/sysroot   -isystem /home/daquexian/android-ndk-r16b/sources/cxx-stl/llvm-libc++/include -isystem /home/daquexian/android-ndk-r16b/sources/android/support/include -isystem /home/daquexian/android-ndk-r16b/sources/cxx-stl/llvm-libc++abi/include  -isystem /home/daquexian/android-ndk-r16b/sysroot/usr/include/aarch64-linux-android -D__ANDROID_API__=27 -g -DANDROID -ffunction-sections -funwind-tables -fstack-protector-strong -no-canonical-prefixes -Wa,--noexecstack -Wformat -Werror=format-security -std=c++11   -fPIE   -std=c++11 -o CMakeFiles/cmTC_418c1.dir/feature_tests.cxx.o -c /home/daquexian/repos/dnn_library_c/cmake-build-android/CMakeFiles/feature_tests.cxx
Linking CXX executable cmTC_418c1
/opt/clion/bin/cmake/bin/cmake -E cmake_link_script CMakeFiles/cmTC_418c1.dir/link.txt --verbose=1
/home/daquexian/android-ndk-r16b/toolchains/llvm/prebuilt/linux-x86_64/bin/clang++ --target=aarch64-none-linux-android --gcc-toolchain=/home/daquexian/android-ndk-r16b/toolchains/aarch64-linux-android-4.9/prebuilt/linux-x86_64 --sysroot=/home/daquexian/android-ndk-r16b/sysroot  -isystem /home/daquexian/android-ndk-r16b/sysroot/usr/include/aarch64-linux-android -D__ANDROID_API__=27 -g -DANDROID -ffunction-sections -funwind-tables -fstack-protector-strong -no-canonical-prefixes -Wa,--noexecstack -Wformat -Werror=format-security -std=c++11    -Wl,--exclude-libs,libgcc.a -Wl,--exclude-libs,libatomic.a --sysroot /home/daquexian/android-ndk-r16b/platforms/android-27/arch-arm64 -Wl,--build-id -Wl,--warn-shared-textrel -Wl,--fatal-warnings -L/home/daquexian/android-ndk-r16b/sources/cxx-stl/llvm-libc++/libs/arm64-v8a -Wl,--no-undefined -Wl,-z,noexecstack -Qunused-arguments -Wl,-z,relro -Wl,-z,now -Wl,--gc-sections -Wl,-z,nocopyreloc -pie -fPIE   CMakeFiles/cmTC_418c1.dir/feature_tests.cxx.o  -o cmTC_418c1 -latomic -lm "/home/daquexian/android-ndk-r16b/sources/cxx-stl/llvm-libc++/libs/arm64-v8a/libc++.a" 
make[1]: Leaving directory '/home/daquexian/repos/dnn_library_c/cmake-build-android/CMakeFiles/CMakeTmp'


    Feature record: CXX_FEATURE:0cxx_aggregate_default_initializers
    Feature record: CXX_FEATURE:1cxx_alias_templates
    Feature record: CXX_FEATURE:1cxx_alignas
    Feature record: CXX_FEATURE:1cxx_alignof
    Feature record: CXX_FEATURE:1cxx_attributes
    Feature record: CXX_FEATURE:0cxx_attribute_deprecated
    Feature record: CXX_FEATURE:1cxx_auto_type
    Feature record: CXX_FEATURE:0cxx_binary_literals
    Feature record: CXX_FEATURE:1cxx_constexpr
    Feature record: CXX_FEATURE:0cxx_contextual_conversions
    Feature record: CXX_FEATURE:1cxx_decltype
    Feature record: CXX_FEATURE:0cxx_decltype_auto
    Feature record: CXX_FEATURE:1cxx_decltype_incomplete_return_types
    Feature record: CXX_FEATURE:1cxx_default_function_template_args
    Feature record: CXX_FEATURE:1cxx_defaulted_functions
    Feature record: CXX_FEATURE:1cxx_defaulted_move_initializers
    Feature record: CXX_FEATURE:1cxx_delegating_constructors
    Feature record: CXX_FEATURE:1cxx_deleted_functions
    Feature record: CXX_FEATURE:0cxx_digit_separators
    Feature record: CXX_FEATURE:1cxx_enum_forward_declarations
    Feature record: CXX_FEATURE:1cxx_explicit_conversions
    Feature record: CXX_FEATURE:1cxx_extended_friend_declarations
    Feature record: CXX_FEATURE:1cxx_extern_templates
    Feature record: CXX_FEATURE:1cxx_final
    Feature record: CXX_FEATURE:1cxx_func_identifier
    Feature record: CXX_FEATURE:1cxx_generalized_initializers
    Feature record: CXX_FEATURE:0cxx_generic_lambdas
    Feature record: CXX_FEATURE:1cxx_inheriting_constructors
    Feature record: CXX_FEATURE:1cxx_inline_namespaces
    Feature record: CXX_FEATURE:1cxx_lambdas
    Feature record: CXX_FEATURE:0cxx_lambda_init_captures
    Feature record: CXX_FEATURE:1cxx_local_type_template_args
    Feature record: CXX_FEATURE:1cxx_long_long_type
    Feature record: CXX_FEATURE:1cxx_noexcept
    Feature record: CXX_FEATURE:1cxx_nonstatic_member_init
    Feature record: CXX_FEATURE:1cxx_nullptr
    Feature record: CXX_FEATURE:1cxx_override
    Feature record: CXX_FEATURE:1cxx_range_for
    Feature record: CXX_FEATURE:1cxx_raw_string_literals
    Feature record: CXX_FEATURE:1cxx_reference_qualified_functions
    Feature record: CXX_FEATURE:0cxx_relaxed_constexpr
    Feature record: CXX_FEATURE:0cxx_return_type_deduction
    Feature record: CXX_FEATURE:1cxx_right_angle_brackets
    Feature record: CXX_FEATURE:1cxx_rvalue_references
    Feature record: CXX_FEATURE:1cxx_sizeof_member
    Feature record: CXX_FEATURE:1cxx_static_assert
    Feature record: CXX_FEATURE:1cxx_strong_enums
    Feature record: CXX_FEATURE:1cxx_template_template_parameters
    Feature record: CXX_FEATURE:1cxx_thread_local
    Feature record: CXX_FEATURE:1cxx_trailing_return_types
    Feature record: CXX_FEATURE:1cxx_unicode_literals
    Feature record: CXX_FEATURE:1cxx_uniform_initialization
    Feature record: CXX_FEATURE:1cxx_unrestricted_unions
    Feature record: CXX_FEATURE:1cxx_user_literals
    Feature record: CXX_FEATURE:0cxx_variable_templates
    Feature record: CXX_FEATURE:1cxx_variadic_macros
    Feature record: CXX_FEATURE:1cxx_variadic_templates


Detecting CXX [-std=c++98] compiler features compiled with the following output:
Change Dir: /home/daquexian/repos/dnn_library_c/cmake-build-android/CMakeFiles/CMakeTmp

Run Build Command:"/usr/bin/make" "cmTC_cdd93/fast"
/usr/bin/make -f CMakeFiles/cmTC_cdd93.dir/build.make CMakeFiles/cmTC_cdd93.dir/build
make[1]: Entering directory '/home/daquexian/repos/dnn_library_c/cmake-build-android/CMakeFiles/CMakeTmp'
Building CXX object CMakeFiles/cmTC_cdd93.dir/feature_tests.cxx.o
/home/daquexian/android-ndk-r16b/toolchains/llvm/prebuilt/linux-x86_64/bin/clang++ --target=aarch64-none-linux-android --gcc-toolchain=/home/daquexian/android-ndk-r16b/toolchains/aarch64-linux-android-4.9/prebuilt/linux-x86_64 --sysroot=/home/daquexian/android-ndk-r16b/sysroot   -isystem /home/daquexian/android-ndk-r16b/sources/cxx-stl/llvm-libc++/include -isystem /home/daquexian/android-ndk-r16b/sources/android/support/include -isystem /home/daquexian/android-ndk-r16b/sources/cxx-stl/llvm-libc++abi/include  -isystem /home/daquexian/android-ndk-r16b/sysroot/usr/include/aarch64-linux-android -D__ANDROID_API__=27 -g -DANDROID -ffunction-sections -funwind-tables -fstack-protector-strong -no-canonical-prefixes -Wa,--noexecstack -Wformat -Werror=format-security -std=c++11   -fPIE   -std=c++98 -o CMakeFiles/cmTC_cdd93.dir/feature_tests.cxx.o -c /home/daquexian/repos/dnn_library_c/cmake-build-android/CMakeFiles/feature_tests.cxx
Linking CXX executable cmTC_cdd93
/opt/clion/bin/cmake/bin/cmake -E cmake_link_script CMakeFiles/cmTC_cdd93.dir/link.txt --verbose=1
/home/daquexian/android-ndk-r16b/toolchains/llvm/prebuilt/linux-x86_64/bin/clang++ --target=aarch64-none-linux-android --gcc-toolchain=/home/daquexian/android-ndk-r16b/toolchains/aarch64-linux-android-4.9/prebuilt/linux-x86_64 --sysroot=/home/daquexian/android-ndk-r16b/sysroot  -isystem /home/daquexian/android-ndk-r16b/sysroot/usr/include/aarch64-linux-android -D__ANDROID_API__=27 -g -DANDROID -ffunction-sections -funwind-tables -fstack-protector-strong -no-canonical-prefixes -Wa,--noexecstack -Wformat -Werror=format-security -std=c++11    -Wl,--exclude-libs,libgcc.a -Wl,--exclude-libs,libatomic.a --sysroot /home/daquexian/android-ndk-r16b/platforms/android-27/arch-arm64 -Wl,--build-id -Wl,--warn-shared-textrel -Wl,--fatal-warnings -L/home/daquexian/android-ndk-r16b/sources/cxx-stl/llvm-libc++/libs/arm64-v8a -Wl,--no-undefined -Wl,-z,noexecstack -Qunused-arguments -Wl,-z,relro -Wl,-z,now -Wl,--gc-sections -Wl,-z,nocopyreloc -pie -fPIE   CMakeFiles/cmTC_cdd93.dir/feature_tests.cxx.o  -o cmTC_cdd93 -latomic -lm "/home/daquexian/android-ndk-r16b/sources/cxx-stl/llvm-libc++/libs/arm64-v8a/libc++.a" 
make[1]: Leaving directory '/home/daquexian/repos/dnn_library_c/cmake-build-android/CMakeFiles/CMakeTmp'


    Feature record: CXX_FEATURE:0cxx_aggregate_default_initializers
    Feature record: CXX_FEATURE:0cxx_alias_templates
    Feature record: CXX_FEATURE:0cxx_alignas
    Feature record: CXX_FEATURE:0cxx_alignof
    Feature record: CXX_FEATURE:0cxx_attributes
    Feature record: CXX_FEATURE:0cxx_attribute_deprecated
    Feature record: CXX_FEATURE:0cxx_auto_type
    Feature record: CXX_FEATURE:0cxx_binary_literals
    Feature record: CXX_FEATURE:0cxx_constexpr
    Feature record: CXX_FEATURE:0cxx_contextual_conversions
    Feature record: CXX_FEATURE:0cxx_decltype
    Feature record: CXX_FEATURE:0cxx_decltype_auto
    Feature record: CXX_FEATURE:0cxx_decltype_incomplete_return_types
    Feature record: CXX_FEATURE:0cxx_default_function_template_args
    Feature record: CXX_FEATURE:0cxx_defaulted_functions
    Feature record: CXX_FEATURE:0cxx_defaulted_move_initializers
    Feature record: CXX_FEATURE:0cxx_delegating_constructors
    Feature record: CXX_FEATURE:0cxx_deleted_functions
    Feature record: CXX_FEATURE:0cxx_digit_separators
    Feature record: CXX_FEATURE:0cxx_enum_forward_declarations
    Feature record: CXX_FEATURE:0cxx_explicit_conversions
    Feature record: CXX_FEATURE:0cxx_extended_friend_declarations
    Feature record: CXX_FEATURE:0cxx_extern_templates
    Feature record: CXX_FEATURE:0cxx_final
    Feature record: CXX_FEATURE:0cxx_func_identifier
    Feature record: CXX_FEATURE:0cxx_generalized_initializers
    Feature record: CXX_FEATURE:0cxx_generic_lambdas
    Feature record: CXX_FEATURE:0cxx_inheriting_constructors
    Feature record: CXX_FEATURE:0cxx_inline_namespaces
    Feature record: CXX_FEATURE:0cxx_lambdas
    Feature record: CXX_FEATURE:0cxx_lambda_init_captures
    Feature record: CXX_FEATURE:0cxx_local_type_template_args
    Feature record: CXX_FEATURE:0cxx_long_long_type
    Feature record: CXX_FEATURE:0cxx_noexcept
    Feature record: CXX_FEATURE:0cxx_nonstatic_member_init
    Feature record: CXX_FEATURE:0cxx_nullptr
    Feature record: CXX_FEATURE:0cxx_override
    Feature record: CXX_FEATURE:0cxx_range_for
    Feature record: CXX_FEATURE:0cxx_raw_string_literals
    Feature record: CXX_FEATURE:0cxx_reference_qualified_functions
    Feature record: CXX_FEATURE:0cxx_relaxed_constexpr
    Feature record: CXX_FEATURE:0cxx_return_type_deduction
    Feature record: CXX_FEATURE:0cxx_right_angle_brackets
    Feature record: CXX_FEATURE:0cxx_rvalue_references
    Feature record: CXX_FEATURE:0cxx_sizeof_member
    Feature record: CXX_FEATURE:0cxx_static_assert
    Feature record: CXX_FEATURE:0cxx_strong_enums
    Feature record: CXX_FEATURE:1cxx_template_template_parameters
    Feature record: CXX_FEATURE:0cxx_thread_local
    Feature record: CXX_FEATURE:0cxx_trailing_return_types
    Feature record: CXX_FEATURE:0cxx_unicode_literals
    Feature record: CXX_FEATURE:0cxx_uniform_initialization
    Feature record: CXX_FEATURE:0cxx_unrestricted_unions
    Feature record: CXX_FEATURE:0cxx_user_literals
    Feature record: CXX_FEATURE:0cxx_variable_templates
    Feature record: CXX_FEATURE:0cxx_variadic_macros
    Feature record: CXX_FEATURE:0cxx_variadic_templates
